{
  "timestamp": "[16/Feb/2018:19:19:03 +0000]",
  "@version": "1",
  "clientip": "127.0.0.1",
  "url": "/test",
  "code": "200",
  "method": "GET",
  "size": "12",
  "CC_log": "CC_value",
  "bytes_sent": "395",
  "country": "test",
  "domain": "test.com",
  "customer": "john_beast",
  "user": "beast",
  "cache": "HIT",
  "ttfb": "0.002457",
  "referer": "-",
  "user-agent": "curl/7.47.0",
  "x-forwarded-for": "x.x.x.x",
  "error": "-"
}
{
  "timestamp": "[16/Feb/2018:19:19:03 +0000]",
  "@version": "1",
  "clientip": "127.0.0.1",
  "url": "/test",
  "code": "200",
  "method": "GET",
  "size": "12",
  "CC_log": "CC_value",
  "bytes_sent": "395",
  "country": "test",
  "domain": "test.com",
  "customer": "john_beast",
  "user": "beast",
  "cache": "HIT",
  "ttfb": "0.002457",
  "referer": "-",
  "user-agent": "curl/7.47.0",
  "x-forwarded-for": "x.x.x.x",
  "error": "-"
}
{"subfolder": {"Public": {"total_size_bit": 0, "total_size": "0B", "time": 0.0}, "Postman": {"total_size_bit": 0, "total_size": "0B", "time": 0.0}, ".bundle": {"total_size_bit": 29020885, "total_size": "27.68 MB", "time": 0.01}, ".tmux": {"total_size_bit": 4900825, "total_size": "4.67 MB", "time": 0.11}, "my-smashing-project": {"total_size_bit": 1251386, "total_size": "1.19 MB", "time": 0.01}, "Android": {"total_size_bit": 1606901880, "total_size": "1.5 GB", "time": 2.07}, "keepass_backups": {"total_size_bit": 343228, "total_size": "335.18 KB", "time": 0.01}, ".vmware": {"total_size_bit": 1776, "total_size": "1.73 KB", "time": 0.0}, ".AndroidStudio3.5": {"total_size_bit": 15827959, "total_size": "15.09 MB", "time": 0.05}, ".vscode": {"total_size_bit": 25425942, "total_size": "24.25 MB", "time": 0.09}, ".gconf": {"total_size_bit": 0, "total_size": "0B", "time": 0.0}, ".dbus": {"total_size_bit": 0, "total_size": "0B", "time": 0.0}, ".pki": {"total_size_bit": 65986, "total_size": "64.44 KB", "time": 0.0}, ".gem": {"total_size_bit": 386450, "total_size": "377.39 KB", "time": 0.0}, ".android": {"total_size_bit": 1747421, "total_size": "1.67 MB", "time": 0.0}, ".aws": {"total_size_bit": 159, "total_size": "159.0 B", "time": 0.0}, "workspace": {"total_size_bit": 3105000425, "total_size": "2.89 GB", "time": 2.78}, "surfshark_conf": {"total_size_bit": 397936, "total_size": "388.61 KB", "time": 0.0}, "Mod\u00e8les": {"total_size_bit": 0, "total_size": "0B", "time": 0.0}, ".couchpotato": {"total_size_bit": 35624360, "total_size": "33.97 MB", "time": 0.02}, ".vnc": {"total_size_bit": 11019, "total_size": "10.76 KB", "time": 0.0}, ".thunderbird": {"total_size_bit": 2802528160, "total_size": "2.61 GB", "time": 0.01}, ".cache": {"total_size_bit": 1408120628, "total_size": "1.31 GB", "time": 3.27}, ".azure": {"total_size_bit": 103907, "total_size": "101.47 KB", "time": 0.0}, ".gnupg": {"total_size_bit": 1232, "total_size": "1.2 KB", "time": 0.0}, ".vim": {"total_size_bit": 292204632, "total_size": "278.67 MB", "time": 0.07}, ".java": {"total_size_bit": 128591, "total_size": "125.58 KB", "time": 0.0}, ".ssh": {"total_size_bit": 6577, "total_size": "6.42 KB", "time": 0.0}, ".gphoto": {"total_size_bit": 0, "total_size": "0B", "time": 0.0}, ".ansible": {"total_size_bit": 10595, "total_size": "10.35 KB", "time": 0.0}, "bidouilles": {"total_size_bit": 1722848163, "total_size": "1.6 GB", "time": 0.04}, ".config": {"total_size_bit": 5756536512, "total_size": "5.36 GB", "time": 0.02}, "Images": {"total_size_bit": 4068410, "total_size": "3.88 MB", "time": 0.0}, ".gdrive": {"total_size_bit": 400, "total_size": "400.0 B", "time": 0.0}, ".onefichier": {"total_size_bit": 6016, "total_size": "5.88 KB", "time": 0.0}, ".kube": {"total_size_bit": 3071093, "total_size": "2.93 MB", "time": 0.0}, ".gradle": {"total_size_bit": 467691966, "total_size": "446.03 MB", "time": 0.11}, "Bureau": {"total_size_bit": 1887575866, "total_size": "1.76 GB", "time": 0.11}, "snap": {"total_size_bit": 13398285, "total_size": "12.78 MB", "time": 0.01}, ".adobe": {"total_size_bit": 0, "total_size": "0B", "time": 0.0}, ".local": {"total_size_bit": 21551262, "total_size": "20.55 MB", "time": 0.0}, ".gnome": {"total_size_bit": 1364, "total_size": "1.33 KB", "time": 0.0}, ".primx": {"total_size_bit": 7875, "total_size": "7.69 KB", "time": 0.0}, ".pylint.d": {"total_size_bit": 8266, "total_size": "8.07 KB", "time": 0.0}, ".dart": {"total_size_bit": 0, "total_size": "0B", "time": 0.0}, ".mozilla": {"total_size_bit": 129633916, "total_size": "123.63 MB", "time": 0.01}, ".mono": {"total_size_bit": 607, "total_size": "607.0 B", "time": 0.0}, ".macromedia": {"total_size_bit": 728, "total_size": "728.0 B", "time": 0.0}, ".balena": {"total_size_bit": 876, "total_size": "876.0 B", "time": 0.0}, "Vid\u00e9os": {"total_size_bit": 0, "total_size": "0B", "time": 0.0}, "Musique": {"total_size_bit": 0, "total_size": "0B", "time": 0.0}, ".dartServer": {"total_size_bit": 35628798, "total_size": "33.98 MB", "time": 0.02}, "T\u00e9l\u00e9chargements": {"total_size_bit": 621657914, "total_size": "592.86 MB", "time": 0.0}}, "total_size_bit": 20448814114, "total_size": "19.04 GB", "time": 13.29}
{
  "timestamp": "[16/Feb/2018:19:19:03 +0000]",
  "@version": "1",
  "clientip": "127.0.0.1",
  "url": "/test",
  "code": "200",
  "method": "GET",
  "size": "12",
  "CC_log": "CC_value",
  "bytes_sent": "395",
  "country": "test",
  "domain": "test.com",
  "customer": "john_beast",
  "user": "beast",
  "cache": "HIT",
  "ttfb": "0.002457",
  "referer": "-",
  "user-agent": "curl/7.47.0",
  "x-forwarded-for": "x.x.x.x",
  "error": "-"
}
{"subfolder": {"Public": {"total_size_bit": 0, "total_size": "0B", "time": 0.0}, "Postman": {"total_size_bit": 0, "total_size": "0B", "time": 0.0}, ".bundle": {"total_size_bit": 29020885, "total_size": "27.68 MB", "time": 0.01}, ".tmux": {"total_size_bit": 4900825, "total_size": "4.67 MB", "time": 0.11}, "my-smashing-project": {"total_size_bit": 1251386, "total_size": "1.19 MB", "time": 0.01}, "Android": {"total_size_bit": 1606901880, "total_size": "1.5 GB", "time": 2.07}, "keepass_backups": {"total_size_bit": 343228, "total_size": "335.18 KB", "time": 0.01}, ".vmware": {"total_size_bit": 1776, "total_size": "1.73 KB", "time": 0.0}, ".AndroidStudio3.5": {"total_size_bit": 15827959, "total_size": "15.09 MB", "time": 0.05}, ".vscode": {"total_size_bit": 25425942, "total_size": "24.25 MB", "time": 0.09}, ".gconf": {"total_size_bit": 0, "total_size": "0B", "time": 0.0}, ".dbus": {"total_size_bit": 0, "total_size": "0B", "time": 0.0}, ".pki": {"total_size_bit": 65986, "total_size": "64.44 KB", "time": 0.0}, ".gem": {"total_size_bit": 386450, "total_size": "377.39 KB", "time": 0.0}, ".android": {"total_size_bit": 1747421, "total_size": "1.67 MB", "time": 0.0}, ".aws": {"total_size_bit": 159, "total_size": "159.0 B", "time": 0.0}, "workspace": {"total_size_bit": 3105000425, "total_size": "2.89 GB", "time": 2.78}, "surfshark_conf": {"total_size_bit": 397936, "total_size": "388.61 KB", "time": 0.0}, "Mod\u00e8les": {"total_size_bit": 0, "total_size": "0B", "time": 0.0}, ".couchpotato": {"total_size_bit": 35624360, "total_size": "33.97 MB", "time": 0.02}, ".vnc": {"total_size_bit": 11019, "total_size": "10.76 KB", "time": 0.0}, ".thunderbird": {"total_size_bit": 2802528160, "total_size": "2.61 GB", "time": 0.01}, ".cache": {"total_size_bit": 1408120628, "total_size": "1.31 GB", "time": 3.27}, ".azure": {"total_size_bit": 103907, "total_size": "101.47 KB", "time": 0.0}, ".gnupg": {"total_size_bit": 1232, "total_size": "1.2 KB", "time": 0.0}, ".vim": {"total_size_bit": 292204632, "total_size": "278.67 MB", "time": 0.07}, ".java": {"total_size_bit": 128591, "total_size": "125.58 KB", "time": 0.0}, ".ssh": {"total_size_bit": 6577, "total_size": "6.42 KB", "time": 0.0}, ".gphoto": {"total_size_bit": 0, "total_size": "0B", "time": 0.0}, ".ansible": {"total_size_bit": 10595, "total_size": "10.35 KB", "time": 0.0}, "bidouilles": {"total_size_bit": 1722848163, "total_size": "1.6 GB", "time": 0.04}, ".config": {"total_size_bit": 5756536512, "total_size": "5.36 GB", "time": 0.02}, "Images": {"total_size_bit": 4068410, "total_size": "3.88 MB", "time": 0.0}, ".gdrive": {"total_size_bit": 400, "total_size": "400.0 B", "time": 0.0}, ".onefichier": {"total_size_bit": 6016, "total_size": "5.88 KB", "time": 0.0}, ".kube": {"total_size_bit": 3071093, "total_size": "2.93 MB", "time": 0.0}, ".gradle": {"total_size_bit": 467691966, "total_size": "446.03 MB", "time": 0.11}, "Bureau": {"total_size_bit": 1887575866, "total_size": "1.76 GB", "time": 0.11}, "snap": {"total_size_bit": 13398285, "total_size": "12.78 MB", "time": 0.01}, ".adobe": {"total_size_bit": 0, "total_size": "0B", "time": 0.0}, ".local": {"total_size_bit": 21551262, "total_size": "20.55 MB", "time": 0.0}, ".gnome": {"total_size_bit": 1364, "total_size": "1.33 KB", "time": 0.0}, ".primx": {"total_size_bit": 7875, "total_size": "7.69 KB", "time": 0.0}, ".pylint.d": {"total_size_bit": 8266, "total_size": "8.07 KB", "time": 0.0}, ".dart": {"total_size_bit": 0, "total_size": "0B", "time": 0.0}, ".mozilla": {"total_size_bit": 129633916, "total_size": "123.63 MB", "time": 0.01}, ".mono": {"total_size_bit": 607, "total_size": "607.0 B", "time": 0.0}, ".macromedia": {"total_size_bit": 728, "total_size": "728.0 B", "time": 0.0}, ".balena": {"total_size_bit": 876, "total_size": "876.0 B", "time": 0.0}, "Vid\u00e9os": {"total_size_bit": 0, "total_size": "0B", "time": 0.0}, "Musique": {"total_size_bit": 0, "total_size": "0B", "time": 0.0}, ".dartServer": {"total_size_bit": 35628798, "total_size": "33.98 MB", "time": 0.02}, "T\u00e9l\u00e9chargements": {"total_size_bit": 621657914, "total_size": "592.86 MB", "time": 0.0}}, "total_size_bit": 20448814114, "total_size": "19.04 GB", "time": 13.29}
{"subfolder": {"Public": {"total_size_bit": 0, "total_size": "0B", "time": 0.0}, "Postman": {"total_size_bit": 0, "total_size": "0B", "time": 0.0}, ".bundle": {"total_size_bit": 29020885, "total_size": "27.68 MB", "time": 0.01}, ".tmux": {"total_size_bit": 4900825, "total_size": "4.67 MB", "time": 0.11}, "my-smashing-project": {"total_size_bit": 1251386, "total_size": "1.19 MB", "time": 0.01}, "Android": {"total_size_bit": 1606901880, "total_size": "1.5 GB", "time": 2.07}, "keepass_backups": {"total_size_bit": 343228, "total_size": "335.18 KB", "time": 0.01}, ".vmware": {"total_size_bit": 1776, "total_size": "1.73 KB", "time": 0.0}, ".AndroidStudio3.5": {"total_size_bit": 15827959, "total_size": "15.09 MB", "time": 0.05}, ".vscode": {"total_size_bit": 25425942, "total_size": "24.25 MB", "time": 0.09}, ".gconf": {"total_size_bit": 0, "total_size": "0B", "time": 0.0}, ".dbus": {"total_size_bit": 0, "total_size": "0B", "time": 0.0}, ".pki": {"total_size_bit": 65986, "total_size": "64.44 KB", "time": 0.0}, ".gem": {"total_size_bit": 386450, "total_size": "377.39 KB", "time": 0.0}, ".android": {"total_size_bit": 1747421, "total_size": "1.67 MB", "time": 0.0}, ".aws": {"total_size_bit": 159, "total_size": "159.0 B", "time": 0.0}, "workspace": {"total_size_bit": 3105000425, "total_size": "2.89 GB", "time": 2.78}, "surfshark_conf": {"total_size_bit": 397936, "total_size": "388.61 KB", "time": 0.0}, "Mod\u00e8les": {"total_size_bit": 0, "total_size": "0B", "time": 0.0}, ".couchpotato": {"total_size_bit": 35624360, "total_size": "33.97 MB", "time": 0.02}, ".vnc": {"total_size_bit": 11019, "total_size": "10.76 KB", "time": 0.0}, ".thunderbird": {"total_size_bit": 2802528160, "total_size": "2.61 GB", "time": 0.01}, ".cache": {"total_size_bit": 1408120628, "total_size": "1.31 GB", "time": 3.27}, ".azure": {"total_size_bit": 103907, "total_size": "101.47 KB", "time": 0.0}, ".gnupg": {"total_size_bit": 1232, "total_size": "1.2 KB", "time": 0.0}, ".vim": {"total_size_bit": 292204632, "total_size": "278.67 MB", "time": 0.07}, ".java": {"total_size_bit": 128591, "total_size": "125.58 KB", "time": 0.0}, ".ssh": {"total_size_bit": 6577, "total_size": "6.42 KB", "time": 0.0}, ".gphoto": {"total_size_bit": 0, "total_size": "0B", "time": 0.0}, ".ansible": {"total_size_bit": 10595, "total_size": "10.35 KB", "time": 0.0}, "bidouilles": {"total_size_bit": 1722848163, "total_size": "1.6 GB", "time": 0.04}, ".config": {"total_size_bit": 5756536512, "total_size": "5.36 GB", "time": 0.02}, "Images": {"total_size_bit": 4068410, "total_size": "3.88 MB", "time": 0.0}, ".gdrive": {"total_size_bit": 400, "total_size": "400.0 B", "time": 0.0}, ".onefichier": {"total_size_bit": 6016, "total_size": "5.88 KB", "time": 0.0}, ".kube": {"total_size_bit": 3071093, "total_size": "2.93 MB", "time": 0.0}, ".gradle": {"total_size_bit": 467691966, "total_size": "446.03 MB", "time": 0.11}, "Bureau": {"total_size_bit": 1887575866, "total_size": "1.76 GB", "time": 0.11}, "snap": {"total_size_bit": 13398285, "total_size": "12.78 MB", "time": 0.01}, ".adobe": {"total_size_bit": 0, "total_size": "0B", "time": 0.0}, ".local": {"total_size_bit": 21551262, "total_size": "20.55 MB", "time": 0.0}, ".gnome": {"total_size_bit": 1364, "total_size": "1.33 KB", "time": 0.0}, ".primx": {"total_size_bit": 7875, "total_size": "7.69 KB", "time": 0.0}, ".pylint.d": {"total_size_bit": 8266, "total_size": "8.07 KB", "time": 0.0}, ".dart": {"total_size_bit": 0, "total_size": "0B", "time": 0.0}, ".mozilla": {"total_size_bit": 129633916, "total_size": "123.63 MB", "time": 0.01}, ".mono": {"total_size_bit": 607, "total_size": "607.0 B", "time": 0.0}, ".macromedia": {"total_size_bit": 728, "total_size": "728.0 B", "time": 0.0}, ".balena": {"total_size_bit": 876, "total_size": "876.0 B", "time": 0.0}, "Vid\u00e9os": {"total_size_bit": 0, "total_size": "0B", "time": 0.0}, "Musique": {"total_size_bit": 0, "total_size": "0B", "time": 0.0}, ".dartServer": {"total_size_bit": 35628798, "total_size": "33.98 MB", "time": 0.02}, "T\u00e9l\u00e9chargements": {"total_size_bit": 621657914, "total_size": "592.86 MB", "time": 0.0}}, "total_size_bit": 20448814114, "total_size": "19.04 GB", "time": 13.29}
{"subfolder": {"Public": {"total_size_bit": 0, "total_size": "0B", "time": 0.0}, "Postman": {"total_size_bit": 0, "total_size": "0B", "time": 0.0}, ".bundle": {"total_size_bit": 29020885, "total_size": "27.68 MB", "time": 0.01}, ".tmux": {"total_size_bit": 4900825, "total_size": "4.67 MB", "time": 0.11}, "my-smashing-project": {"total_size_bit": 1251386, "total_size": "1.19 MB", "time": 0.01}, "Android": {"total_size_bit": 1606901880, "total_size": "1.5 GB", "time": 2.07}, "keepass_backups": {"total_size_bit": 343228, "total_size": "335.18 KB", "time": 0.01}, ".vmware": {"total_size_bit": 1776, "total_size": "1.73 KB", "time": 0.0}, ".AndroidStudio3.5": {"total_size_bit": 15827959, "total_size": "15.09 MB", "time": 0.05}, ".vscode": {"total_size_bit": 25425942, "total_size": "24.25 MB", "time": 0.09}, ".gconf": {"total_size_bit": 0, "total_size": "0B", "time": 0.0}, ".dbus": {"total_size_bit": 0, "total_size": "0B", "time": 0.0}, ".pki": {"total_size_bit": 65986, "total_size": "64.44 KB", "time": 0.0}, ".gem": {"total_size_bit": 386450, "total_size": "377.39 KB", "time": 0.0}, ".android": {"total_size_bit": 1747421, "total_size": "1.67 MB", "time": 0.0}, ".aws": {"total_size_bit": 159, "total_size": "159.0 B", "time": 0.0}, "workspace": {"total_size_bit": 3105000425, "total_size": "2.89 GB", "time": 2.78}, "surfshark_conf": {"total_size_bit": 397936, "total_size": "388.61 KB", "time": 0.0}, "Mod\u00e8les": {"total_size_bit": 0, "total_size": "0B", "time": 0.0}, ".couchpotato": {"total_size_bit": 35624360, "total_size": "33.97 MB", "time": 0.02}, ".vnc": {"total_size_bit": 11019, "total_size": "10.76 KB", "time": 0.0}, ".thunderbird": {"total_size_bit": 2802528160, "total_size": "2.61 GB", "time": 0.01}, ".cache": {"total_size_bit": 1408120628, "total_size": "1.31 GB", "time": 3.27}, ".azure": {"total_size_bit": 103907, "total_size": "101.47 KB", "time": 0.0}, ".gnupg": {"total_size_bit": 1232, "total_size": "1.2 KB", "time": 0.0}, ".vim": {"total_size_bit": 292204632, "total_size": "278.67 MB", "time": 0.07}, ".java": {"total_size_bit": 128591, "total_size": "125.58 KB", "time": 0.0}, ".ssh": {"total_size_bit": 6577, "total_size": "6.42 KB", "time": 0.0}, ".gphoto": {"total_size_bit": 0, "total_size": "0B", "time": 0.0}, ".ansible": {"total_size_bit": 10595, "total_size": "10.35 KB", "time": 0.0}, "bidouilles": {"total_size_bit": 1722848163, "total_size": "1.6 GB", "time": 0.04}, ".config": {"total_size_bit": 5756536512, "total_size": "5.36 GB", "time": 0.02}, "Images": {"total_size_bit": 4068410, "total_size": "3.88 MB", "time": 0.0}, ".gdrive": {"total_size_bit": 400, "total_size": "400.0 B", "time": 0.0}, ".onefichier": {"total_size_bit": 6016, "total_size": "5.88 KB", "time": 0.0}, ".kube": {"total_size_bit": 3071093, "total_size": "2.93 MB", "time": 0.0}, ".gradle": {"total_size_bit": 467691966, "total_size": "446.03 MB", "time": 0.11}, "Bureau": {"total_size_bit": 1887575866, "total_size": "1.76 GB", "time": 0.11}, "snap": {"total_size_bit": 13398285, "total_size": "12.78 MB", "time": 0.01}, ".adobe": {"total_size_bit": 0, "total_size": "0B", "time": 0.0}, ".local": {"total_size_bit": 21551262, "total_size": "20.55 MB", "time": 0.0}, ".gnome": {"total_size_bit": 1364, "total_size": "1.33 KB", "time": 0.0}, ".primx": {"total_size_bit": 7875, "total_size": "7.69 KB", "time": 0.0}, ".pylint.d": {"total_size_bit": 8266, "total_size": "8.07 KB", "time": 0.0}, ".dart": {"total_size_bit": 0, "total_size": "0B", "time": 0.0}, ".mozilla": {"total_size_bit": 129633916, "total_size": "123.63 MB", "time": 0.01}, ".mono": {"total_size_bit": 607, "total_size": "607.0 B", "time": 0.0}, ".macromedia": {"total_size_bit": 728, "total_size": "728.0 B", "time": 0.0}, ".balena": {"total_size_bit": 876, "total_size": "876.0 B", "time": 0.0}, "Vid\u00e9os": {"total_size_bit": 0, "total_size": "0B", "time": 0.0}, "Musique": {"total_size_bit": 0, "total_size": "0B", "time": 0.0}, ".dartServer": {"total_size_bit": 35628798, "total_size": "33.98 MB", "time": 0.02}, "T\u00e9l\u00e9chargements": {"total_size_bit": 621657914, "total_size": "592.86 MB", "time": 0.0}}, "total_size_bit": 20448814114, "total_size": "19.04 GB", "time": 13.29}
{"subfolder": {"Public": {"total_size_bit": 0, "total_size": "0B", "time": 0.0}, "Postman": {"total_size_bit": 0, "total_size": "0B", "time": 0.0}, ".bundle": {"total_size_bit": 29020885, "total_size": "27.68 MB", "time": 0.01}, ".tmux": {"total_size_bit": 4900825, "total_size": "4.67 MB", "time": 0.11}, "my-smashing-project": {"total_size_bit": 1251386, "total_size": "1.19 MB", "time": 0.01}, "Android": {"total_size_bit": 1606901880, "total_size": "1.5 GB", "time": 2.07}, "keepass_backups": {"total_size_bit": 343228, "total_size": "335.18 KB", "time": 0.01}, ".vmware": {"total_size_bit": 1776, "total_size": "1.73 KB", "time": 0.0}, ".AndroidStudio3.5": {"total_size_bit": 15827959, "total_size": "15.09 MB", "time": 0.05}, ".vscode": {"total_size_bit": 25425942, "total_size": "24.25 MB", "time": 0.09}, ".gconf": {"total_size_bit": 0, "total_size": "0B", "time": 0.0}, ".dbus": {"total_size_bit": 0, "total_size": "0B", "time": 0.0}, ".pki": {"total_size_bit": 65986, "total_size": "64.44 KB", "time": 0.0}, ".gem": {"total_size_bit": 386450, "total_size": "377.39 KB", "time": 0.0}, ".android": {"total_size_bit": 1747421, "total_size": "1.67 MB", "time": 0.0}, ".aws": {"total_size_bit": 159, "total_size": "159.0 B", "time": 0.0}, "workspace": {"total_size_bit": 3105000425, "total_size": "2.89 GB", "time": 2.78}, "surfshark_conf": {"total_size_bit": 397936, "total_size": "388.61 KB", "time": 0.0}, "Mod\u00e8les": {"total_size_bit": 0, "total_size": "0B", "time": 0.0}, ".couchpotato": {"total_size_bit": 35624360, "total_size": "33.97 MB", "time": 0.02}, ".vnc": {"total_size_bit": 11019, "total_size": "10.76 KB", "time": 0.0}, ".thunderbird": {"total_size_bit": 2802528160, "total_size": "2.61 GB", "time": 0.01}, ".cache": {"total_size_bit": 1408120628, "total_size": "1.31 GB", "time": 3.27}, ".azure": {"total_size_bit": 103907, "total_size": "101.47 KB", "time": 0.0}, ".gnupg": {"total_size_bit": 1232, "total_size": "1.2 KB", "time": 0.0}, ".vim": {"total_size_bit": 292204632, "total_size": "278.67 MB", "time": 0.07}, ".java": {"total_size_bit": 128591, "total_size": "125.58 KB", "time": 0.0}, ".ssh": {"total_size_bit": 6577, "total_size": "6.42 KB", "time": 0.0}, ".gphoto": {"total_size_bit": 0, "total_size": "0B", "time": 0.0}, ".ansible": {"total_size_bit": 10595, "total_size": "10.35 KB", "time": 0.0}, "bidouilles": {"total_size_bit": 1722848163, "total_size": "1.6 GB", "time": 0.04}, ".config": {"total_size_bit": 5756536512, "total_size": "5.36 GB", "time": 0.02}, "Images": {"total_size_bit": 4068410, "total_size": "3.88 MB", "time": 0.0}, ".gdrive": {"total_size_bit": 400, "total_size": "400.0 B", "time": 0.0}, ".onefichier": {"total_size_bit": 6016, "total_size": "5.88 KB", "time": 0.0}, ".kube": {"total_size_bit": 3071093, "total_size": "2.93 MB", "time": 0.0}, ".gradle": {"total_size_bit": 467691966, "total_size": "446.03 MB", "time": 0.11}, "Bureau": {"total_size_bit": 1887575866, "total_size": "1.76 GB", "time": 0.11}, "snap": {"total_size_bit": 13398285, "total_size": "12.78 MB", "time": 0.01}, ".adobe": {"total_size_bit": 0, "total_size": "0B", "time": 0.0}, ".local": {"total_size_bit": 21551262, "total_size": "20.55 MB", "time": 0.0}, ".gnome": {"total_size_bit": 1364, "total_size": "1.33 KB", "time": 0.0}, ".primx": {"total_size_bit": 7875, "total_size": "7.69 KB", "time": 0.0}, ".pylint.d": {"total_size_bit": 8266, "total_size": "8.07 KB", "time": 0.0}, ".dart": {"total_size_bit": 0, "total_size": "0B", "time": 0.0}, ".mozilla": {"total_size_bit": 129633916, "total_size": "123.63 MB", "time": 0.01}, ".mono": {"total_size_bit": 607, "total_size": "607.0 B", "time": 0.0}, ".macromedia": {"total_size_bit": 728, "total_size": "728.0 B", "time": 0.0}, ".balena": {"total_size_bit": 876, "total_size": "876.0 B", "time": 0.0}, "Vid\u00e9os": {"total_size_bit": 0, "total_size": "0B", "time": 0.0}, "Musique": {"total_size_bit": 0, "total_size": "0B", "time": 0.0}, ".dartServer": {"total_size_bit": 35628798, "total_size": "33.98 MB", "time": 0.02}, "T\u00e9l\u00e9chargements": {"total_size_bit": 621657914, "total_size": "592.86 MB", "time": 0.0}}, "total_size_bit": 20448814114, "total_size": "19.04 GB", "time": 13.29}
2020-04-18T23:10:03.276Z myfolder 30Gb
2020-04-18T23:10:03.276Z myfolder 30Gb
toto titi tata
toto titi tata
toto titi tata
toto titi tata
{"subfolder": {"Public": {"total_size_bit": 0, "total_size": "0B", "time": 0.0}, "Postman": {"total_size_bit": 0, "total_size": "0B", "time": 0.0}, ".bundle": {"total_size_bit": 29020885, "total_size": "27.68 MB", "time": 0.01}, ".tmux": {"total_size_bit": 4900825, "total_size": "4.67 MB", "time": 0.11}, "my-smashing-project": {"total_size_bit": 1251386, "total_size": "1.19 MB", "time": 0.01}, "Android": {"total_size_bit": 1606901880, "total_size": "1.5 GB", "time": 2.07}, "keepass_backups": {"total_size_bit": 343228, "total_size": "335.18 KB", "time": 0.01}, ".vmware": {"total_size_bit": 1776, "total_size": "1.73 KB", "time": 0.0}, ".AndroidStudio3.5": {"total_size_bit": 15827959, "total_size": "15.09 MB", "time": 0.05}, ".vscode": {"total_size_bit": 25425942, "total_size": "24.25 MB", "time": 0.09}, ".gconf": {"total_size_bit": 0, "total_size": "0B", "time": 0.0}, ".dbus": {"total_size_bit": 0, "total_size": "0B", "time": 0.0}, ".pki": {"total_size_bit": 65986, "total_size": "64.44 KB", "time": 0.0}, ".gem": {"total_size_bit": 386450, "total_size": "377.39 KB", "time": 0.0}, ".android": {"total_size_bit": 1747421, "total_size": "1.67 MB", "time": 0.0}, ".aws": {"total_size_bit": 159, "total_size": "159.0 B", "time": 0.0}, "workspace": {"total_size_bit": 3105000425, "total_size": "2.89 GB", "time": 2.78}, "surfshark_conf": {"total_size_bit": 397936, "total_size": "388.61 KB", "time": 0.0}, "Mod\u00e8les": {"total_size_bit": 0, "total_size": "0B", "time": 0.0}, ".couchpotato": {"total_size_bit": 35624360, "total_size": "33.97 MB", "time": 0.02}, ".vnc": {"total_size_bit": 11019, "total_size": "10.76 KB", "time": 0.0}, ".thunderbird": {"total_size_bit": 2802528160, "total_size": "2.61 GB", "time": 0.01}, ".cache": {"total_size_bit": 1408120628, "total_size": "1.31 GB", "time": 3.27}, ".azure": {"total_size_bit": 103907, "total_size": "101.47 KB", "time": 0.0}, ".gnupg": {"total_size_bit": 1232, "total_size": "1.2 KB", "time": 0.0}, ".vim": {"total_size_bit": 292204632, "total_size": "278.67 MB", "time": 0.07}, ".java": {"total_size_bit": 128591, "total_size": "125.58 KB", "time": 0.0}, ".ssh": {"total_size_bit": 6577, "total_size": "6.42 KB", "time": 0.0}, ".gphoto": {"total_size_bit": 0, "total_size": "0B", "time": 0.0}, ".ansible": {"total_size_bit": 10595, "total_size": "10.35 KB", "time": 0.0}, "bidouilles": {"total_size_bit": 1722848163, "total_size": "1.6 GB", "time": 0.04}, ".config": {"total_size_bit": 5756536512, "total_size": "5.36 GB", "time": 0.02}, "Images": {"total_size_bit": 4068410, "total_size": "3.88 MB", "time": 0.0}, ".gdrive": {"total_size_bit": 400, "total_size": "400.0 B", "time": 0.0}, ".onefichier": {"total_size_bit": 6016, "total_size": "5.88 KB", "time": 0.0}, ".kube": {"total_size_bit": 3071093, "total_size": "2.93 MB", "time": 0.0}, ".gradle": {"total_size_bit": 467691966, "total_size": "446.03 MB", "time": 0.11}, "Bureau": {"total_size_bit": 1887575866, "total_size": "1.76 GB", "time": 0.11}, "snap": {"total_size_bit": 13398285, "total_size": "12.78 MB", "time": 0.01}, ".adobe": {"total_size_bit": 0, "total_size": "0B", "time": 0.0}, ".local": {"total_size_bit": 21551262, "total_size": "20.55 MB", "time": 0.0}, ".gnome": {"total_size_bit": 1364, "total_size": "1.33 KB", "time": 0.0}, ".primx": {"total_size_bit": 7875, "total_size": "7.69 KB", "time": 0.0}, ".pylint.d": {"total_size_bit": 8266, "total_size": "8.07 KB", "time": 0.0}, ".dart": {"total_size_bit": 0, "total_size": "0B", "time": 0.0}, ".mozilla": {"total_size_bit": 129633916, "total_size": "123.63 MB", "time": 0.01}, ".mono": {"total_size_bit": 607, "total_size": "607.0 B", "time": 0.0}, ".macromedia": {"total_size_bit": 728, "total_size": "728.0 B", "time": 0.0}, ".balena": {"total_size_bit": 876, "total_size": "876.0 B", "time": 0.0}, "Vid\u00e9os": {"total_size_bit": 0, "total_size": "0B", "time": 0.0}, "Musique": {"total_size_bit": 0, "total_size": "0B", "time": 0.0}, ".dartServer": {"total_size_bit": 35628798, "total_size": "33.98 MB", "time": 0.02}, "T\u00e9l\u00e9chargements": {"total_size_bit": 621657914, "total_size": "592.86 MB", "time": 0.0}}, "total_size_bit": 20448814114, "total_size": "19.04 GB", "time": 13.29}
{
  "timestamp": "[16/Feb/2018:19:19:03 +0000]",
  "@version": "1",
  "clientip": "127.0.0.1",
  "url": "/test",
  "code": "200",
  "method": "GET",
  "size": "12",
  "CC_log": "CC_value",
  "bytes_sent": "395",
  "country": "test",
  "domain": "test.com",
  "customer": "john_beast",
  "user": "beast",
  "cache": "HIT",
  "ttfb": "0.002457",
  "referer": "-",
  "user-agent": "curl/7.47.0",
  "x-forwarded-for": "x.x.x.x",
  "error": "-"
}
{
  "timestamp": "[16/Feb/2018:19:19:03 +0000]",
  "@version": "1",
  "clientip": "127.0.0.1",
  "url": "/test",
  "code": "200",
  "method": "GET",
  "size": "12",
  "CC_log": "CC_value",
  "bytes_sent": "395",
  "country": "test",
  "domain": "test.com",
  "customer": "john_beast",
  "user": "beast",
  "cache": "HIT",
  "ttfb": "0.002457",
  "referer": "-",
  "user-agent": "curl/7.47.0",
  "x-forwarded-for": "x.x.x.x",
  "error": "-"
}
toto titi tata
{ "timestamp": "[16/Feb/2018:19:19:03 +0000]", "@version": "1", "clientip": "127.0.0.1", "url": "/test", "code": "200", "method": "GET"}
toto titi tata
toto titi tata
mysub 30
mysub 30
1339478482 mysub 30
